(0000) 3000  0011000000000000 (   8)                 .ORIG x3000
(3000) 5020  0101000000100000 (  10)                 AND   R0 R0 #0
(3001) 5260  0101001001100000 (  11)                 AND   R1 R1 #0
(3002) 54A0  0101010010100000 (  12)                 AND   R2 R2 #0
(3003) 56E0  0101011011100000 (  13)                 AND   R3 R3 #0
(3004) 5920  0101100100100000 (  14)                 AND   R4 R4 #0
(3005) 5B60  0101101101100000 (  15)                 AND   R5 R5 #0
(3006) 5DA0  0101110110100000 (  16)                 AND   R6 R6 #0
(3007) 5FE0  0101111111100000 (  17)                 AND   R7 R7 #0
(3008) 0048  0000000001001000 (  19) WELCOME         .FILL x0048
(3009) 0065  0000000001100101 (  19)                 .FILL x0065
(300A) 006C  0000000001101100 (  19)                 .FILL x006C
(300B) 006C  0000000001101100 (  19)                 .FILL x006C
(300C) 006F  0000000001101111 (  19)                 .FILL x006F
(300D) 002C  0000000000101100 (  19)                 .FILL x002C
(300E) 0020  0000000000100000 (  19)                 .FILL x0020
(300F) 0077  0000000001110111 (  19)                 .FILL x0077
(3010) 0065  0000000001100101 (  19)                 .FILL x0065
(3011) 006C  0000000001101100 (  19)                 .FILL x006C
(3012) 0063  0000000001100011 (  19)                 .FILL x0063
(3013) 006F  0000000001101111 (  19)                 .FILL x006F
(3014) 006D  0000000001101101 (  19)                 .FILL x006D
(3015) 0065  0000000001100101 (  19)                 .FILL x0065
(3016) 0020  0000000000100000 (  19)                 .FILL x0020
(3017) 0074  0000000001110100 (  19)                 .FILL x0074
(3018) 006F  0000000001101111 (  19)                 .FILL x006F
(3019) 0020  0000000000100000 (  19)                 .FILL x0020
(301A) 006D  0000000001101101 (  19)                 .FILL x006D
(301B) 0079  0000000001111001 (  19)                 .FILL x0079
(301C) 0020  0000000000100000 (  19)                 .FILL x0020
(301D) 0043  0000000001000011 (  19)                 .FILL x0043
(301E) 0061  0000000001100001 (  19)                 .FILL x0061
(301F) 0065  0000000001100101 (  19)                 .FILL x0065
(3020) 0073  0000000001110011 (  19)                 .FILL x0073
(3021) 0061  0000000001100001 (  19)                 .FILL x0061
(3022) 0072  0000000001110010 (  19)                 .FILL x0072
(3023) 0020  0000000000100000 (  19)                 .FILL x0020
(3024) 0043  0000000001000011 (  19)                 .FILL x0043
(3025) 0069  0000000001101001 (  19)                 .FILL x0069
(3026) 0070  0000000001110000 (  19)                 .FILL x0070
(3027) 0068  0000000001101000 (  19)                 .FILL x0068
(3028) 0065  0000000001100101 (  19)                 .FILL x0065
(3029) 0072  0000000001110010 (  19)                 .FILL x0072
(302A) 0020  0000000000100000 (  19)                 .FILL x0020
(302B) 0070  0000000001110000 (  19)                 .FILL x0070
(302C) 0072  0000000001110010 (  19)                 .FILL x0072
(302D) 006F  0000000001101111 (  19)                 .FILL x006F
(302E) 0067  0000000001100111 (  19)                 .FILL x0067
(302F) 0072  0000000001110010 (  19)                 .FILL x0072
(3030) 0061  0000000001100001 (  19)                 .FILL x0061
(3031) 006D  0000000001101101 (  19)                 .FILL x006D
(3032) 0000  0000000000000000 (  19)                 .FILL x0000
(3033) E1D4  1110000111010100 (  21)                 LEA   R0 WELCOME
(3034) F022  1111000000100010 (  22)                 TRAP  x22
(3035) 000A  0000000000001010 (  23) ASK             .FILL x000A
(3036) 0044  0000000001000100 (  23)                 .FILL x0044
(3037) 006F  0000000001101111 (  23)                 .FILL x006F
(3038) 0020  0000000000100000 (  23)                 .FILL x0020
(3039) 0079  0000000001111001 (  23)                 .FILL x0079
(303A) 006F  0000000001101111 (  23)                 .FILL x006F
(303B) 0075  0000000001110101 (  23)                 .FILL x0075
(303C) 0020  0000000000100000 (  23)                 .FILL x0020
(303D) 0077  0000000001110111 (  23)                 .FILL x0077
(303E) 0061  0000000001100001 (  23)                 .FILL x0061
(303F) 006E  0000000001101110 (  23)                 .FILL x006E
(3040) 0074  0000000001110100 (  23)                 .FILL x0074
(3041) 0020  0000000000100000 (  23)                 .FILL x0020
(3042) 0074  0000000001110100 (  23)                 .FILL x0074
(3043) 006F  0000000001101111 (  23)                 .FILL x006F
(3044) 0020  0000000000100000 (  23)                 .FILL x0020
(3045) 0028  0000000000101000 (  23)                 .FILL x0028
(3046) 0045  0000000001000101 (  23)                 .FILL x0045
(3047) 0029  0000000000101001 (  23)                 .FILL x0029
(3048) 006E  0000000001101110 (  23)                 .FILL x006E
(3049) 0063  0000000001100011 (  23)                 .FILL x0063
(304A) 0072  0000000001110010 (  23)                 .FILL x0072
(304B) 0079  0000000001111001 (  23)                 .FILL x0079
(304C) 0070  0000000001110000 (  23)                 .FILL x0070
(304D) 0074  0000000001110100 (  23)                 .FILL x0074
(304E) 0020  0000000000100000 (  23)                 .FILL x0020
(304F) 006F  0000000001101111 (  23)                 .FILL x006F
(3050) 0072  0000000001110010 (  23)                 .FILL x0072
(3051) 0020  0000000000100000 (  23)                 .FILL x0020
(3052) 0028  0000000000101000 (  23)                 .FILL x0028
(3053) 0044  0000000001000100 (  23)                 .FILL x0044
(3054) 0029  0000000000101001 (  23)                 .FILL x0029
(3055) 0065  0000000001100101 (  23)                 .FILL x0065
(3056) 0063  0000000001100011 (  23)                 .FILL x0063
(3057) 0072  0000000001110010 (  23)                 .FILL x0072
(3058) 0079  0000000001111001 (  23)                 .FILL x0079
(3059) 0070  0000000001110000 (  23)                 .FILL x0070
(305A) 0074  0000000001110100 (  23)                 .FILL x0074
(305B) 0020  0000000000100000 (  23)                 .FILL x0020
(305C) 006F  0000000001101111 (  23)                 .FILL x006F
(305D) 0072  0000000001110010 (  23)                 .FILL x0072
(305E) 0020  0000000000100000 (  23)                 .FILL x0020
(305F) 0065  0000000001100101 (  23)                 .FILL x0065
(3060) 0028  0000000000101000 (  23)                 .FILL x0028
(3061) 0058  0000000001011000 (  23)                 .FILL x0058
(3062) 0029  0000000000101001 (  23)                 .FILL x0029
(3063) 0069  0000000001101001 (  23)                 .FILL x0069
(3064) 0074  0000000001110100 (  23)                 .FILL x0074
(3065) 003F  0000000000111111 (  23)                 .FILL x003F
(3066) 000A  0000000000001010 (  23)                 .FILL x000A
(3067) 0000  0000000000000000 (  23)                 .FILL x0000
(3068) 490C  0100100100001100 (  26) MAINLOOP        JSR   RESETARRAY
(3069) 5020  0101000000100000 (  27)                 AND   R0 R0 #0
(306A) 5260  0101001001100000 (  28)                 AND   R1 R1 #0
(306B) 54A0  0101010010100000 (  29)                 AND   R2 R2 #0
(306C) 56E0  0101011011100000 (  30)                 AND   R3 R3 #0
(306D) 5920  0101100100100000 (  31)                 AND   R4 R4 #0
(306E) 5B60  0101101101100000 (  32)                 AND   R5 R5 #0
(306F) 5DA0  0101110110100000 (  33)                 AND   R6 R6 #0
(3070) 5FE0  0101111111100000 (  34)                 AND   R7 R7 #0
(3071) E1C3  1110000111000011 (  36)                 LEA   R0 ASK
(3072) F022  1111000000100010 (  37)                 TRAP  x22
(3073) F020  1111000000100000 (  39) GRAB            TRAP  x20
(3074) F021  1111000000100001 (  40)                 TRAP  x21
(3075) 54A0  0101010010100000 (  44) CHECK4EDX       AND   R2 R2 #0
(3076) 24CE  0010010011001110 (  45)                 LD    R2 E
(3077) 1402  0001010000000010 (  46)                 ADD   R2 R0 R2
(3078) 0407  0000010000000111 (  47)                 BRZ   CHANGEENCRYPTFLAG
(3079) 24CC  0010010011001100 (  48)                 LD    R2 D
(307A) 1402  0001010000000010 (  49)                 ADD   R2 R0 R2
(307B) 0409  0000010000001001 (  50)                 BRZ   ASKCIPHER
(307C) 24CA  0010010011001010 (  51)                 LD    R2 X
(307D) 1402  0001010000000010 (  52)                 ADD   R2 R0 R2
(307E) 046B  0000010001101011 (  53)                 BRZ   ENDPROGRAM
(307F) 0FF3  0000111111110011 (  54)                 BRNZP GRAB
(3080) 54A0  0101010010100000 (  58) CHANGEENCRYPTFLAG AND   R2 R2 #0
(3081) 14A1  0001010010100001 (  59)                 ADD   R2 R2 #1
(3082) 34CD  0011010011001101 (  60)                 ST    R2 EFLAG
(3083) 54A0  0101010010100000 (  61)                 AND   R2 R2 #0
(3084) 0E00  0000111000000000 (  62)                 BRNZP ASKCIPHER
(3085) E067  1110000001100111 (  66) ASKCIPHER       LEA   R0 CIPHERNUM
(3086) F022  1111000000100010 (  67)                 TRAP  x22
(3087) F020  1111000000100000 (  69) GRAB2           TRAP  x20
(3088) F021  1111000000100001 (  70)                 TRAP  x21
(3089) 1436  0001010000110110 (  73)                 ADD   R2 R0 #-10
(308A) 043B  0000010000111011 (  74)                 BRZ   ASKSTRING
(308B) 56E0  0101011011100000 (  76) TODIGIT         AND   R3 R3 #0
(308C) 5920  0101100100100000 (  77)                 AND   R4 R4 #0
(308D) 16C0  0001011011000000 (  78)                 ADD   R3 R3 R0
(308E) 16F0  0001011011110000 (  79)                 ADD   R3 R3 #-16
(308F) 16F0  0001011011110000 (  80)                 ADD   R3 R3 #-16
(3090) 16F0  0001011011110000 (  81)                 ADD   R3 R3 #-16
(3091) 1937  0001100100110111 (  82)                 ADD   R4 R4 #-9
(3092) 5DA0  0101110110100000 (  83)                 AND   R6 R6 #0
(3093) 1D85  0001110110000101 (  84)                 ADD   R6 R6 R5
(3094) 1B85  0001101110000101 (  85) MULTIPLY        ADD   R5 R6 R5
(3095) 1921  0001100100100001 (  86)                 ADD   R4 R4 #1
(3096) 09FD  0000100111111101 (  87)                 BRN   MULTIPLY
(3097) 1B43  0001101101000011 (  88)                 ADD   R5 R5 R3
(3098) 3AB6  0011101010110110 (  89)                 ST    R5 CNUMBER
(3099) 0FED  0000111111101101 (  90)                 BRNZP GRAB2
(309A) 0057  0000000001010111 (  92) JOKE            .FILL x0057
(309B) 0068  0000000001101000 (  92)                 .FILL x0068
(309C) 0061  0000000001100001 (  92)                 .FILL x0061
(309D) 0074  0000000001110100 (  92)                 .FILL x0074
(309E) 0020  0000000000100000 (  92)                 .FILL x0020
(309F) 0069  0000000001101001 (  92)                 .FILL x0069
(30A0) 0073  0000000001110011 (  92)                 .FILL x0073
(30A1) 0020  0000000000100000 (  92)                 .FILL x0020
(30A2) 0074  0000000001110100 (  92)                 .FILL x0074
(30A3) 0068  0000000001101000 (  92)                 .FILL x0068
(30A4) 0065  0000000001100101 (  92)                 .FILL x0065
(30A5) 0020  0000000000100000 (  92)                 .FILL x0020
(30A6) 0073  0000000001110011 (  92)                 .FILL x0073
(30A7) 0074  0000000001110100 (  92)                 .FILL x0074
(30A8) 0072  0000000001110010 (  92)                 .FILL x0072
(30A9) 0069  0000000001101001 (  92)                 .FILL x0069
(30AA) 006E  0000000001101110 (  92)                 .FILL x006E
(30AB) 0067  0000000001100111 (  92)                 .FILL x0067
(30AC) 0020  0000000000100000 (  92)                 .FILL x0020
(30AD) 0028  0000000000101000 (  92)                 .FILL x0028
(30AE) 0075  0000000001110101 (  92)                 .FILL x0075
(30AF) 0070  0000000001110000 (  92)                 .FILL x0070
(30B0) 0020  0000000000100000 (  92)                 .FILL x0020
(30B1) 0074  0000000001110100 (  92)                 .FILL x0074
(30B2) 006F  0000000001101111 (  92)                 .FILL x006F
(30B3) 0020  0000000000100000 (  92)                 .FILL x0020
(30B4) 0032  0000000000110010 (  92)                 .FILL x0032
(30B5) 0030  0000000000110000 (  92)                 .FILL x0030
(30B6) 0030  0000000000110000 (  92)                 .FILL x0030
(30B7) 0020  0000000000100000 (  92)                 .FILL x0020
(30B8) 0063  0000000001100011 (  92)                 .FILL x0063
(30B9) 0068  0000000001101000 (  92)                 .FILL x0068
(30BA) 0061  0000000001100001 (  92)                 .FILL x0061
(30BB) 0072  0000000001110010 (  92)                 .FILL x0072
(30BC) 0061  0000000001100001 (  92)                 .FILL x0061
(30BD) 0063  0000000001100011 (  92)                 .FILL x0063
(30BE) 0074  0000000001110100 (  92)                 .FILL x0074
(30BF) 0065  0000000001100101 (  92)                 .FILL x0065
(30C0) 0072  0000000001110010 (  92)                 .FILL x0072
(30C1) 0073  0000000001110011 (  92)                 .FILL x0073
(30C2) 0029  0000000000101001 (  92)                 .FILL x0029
(30C3) 003F  0000000000111111 (  92)                 .FILL x003F
(30C4) 000A  0000000000001010 (  92)                 .FILL x000A
(30C5) 0000  0000000000000000 (  92)                 .FILL x0000
(30C6) E1D3  1110000111010011 (  93) ASKSTRING       LEA   R0 JOKE
(30C7) F022  1111000000100010 (  94)                 TRAP  x22
(30C8) 5920  0101100100100000 (  96)                 AND   R4 R4 #0
(30C9) 388B  0011100010001011 (  97)                 ST    R4 RI
(30CA) F020  1111000000100000 (  98) STORINGLOOP     TRAP  x20
(30CB) F021  1111000000100001 (  99)                 TRAP  x21
(30CC) 28F8  0010100011111000 ( 100)                 LD    R4 NUMOFCHARS
(30CD) 5B60  0101101101100000 ( 103)                 AND   R5 R5 #0
(30CE) 1A36  0001101000110110 ( 104)                 ADD   R5 R0 #-10
(30CF) 0408  0000010000001000 ( 105)                 BRZ   CHECK4FLAGS
(30D0) 3883  0011100010000011 ( 107)                 ST    R4 CI
(30D1) 3081  0011000010000001 ( 108)                 ST    R0 CHAR
(30D2) 4883  0100100010000011 ( 109)                 JSR   STORE
(30D3) 28F1  0010100011110001 ( 110)                 LD    R4 NUMOFCHARS
(30D4) 1921  0001100100100001 ( 111)                 ADD   R4 R4 #1
(30D5) 38EF  0011100011101111 ( 112)                 ST    R4 NUMOFCHARS
(30D6) 5020  0101000000100000 ( 113)                 AND   R0 R0 #0
(30D7) 0FF2  0000111111110010 ( 114)                 BRNZP STORINGLOOP
(30D8) E031  1110000000110001 ( 117) CHECK4FLAGS     LEA   R0 REPLY
(30D9) F022  1111000000100010 ( 118)                 TRAP  x22
(30DA) E275  1110001001110101 ( 119)                 LEA   R1 EFLAG
(30DB) 6240  0110001001000000 ( 120)                 LDR   R1 R1 #0
(30DC) 0407  0000010000000111 ( 121)                 BRZ   GODECRYPT
(30DD) 0E00  0000111000000000 ( 122)                 BRNZP GOENCRYPT
(30DE) 489E  0100100010011110 ( 125) GOENCRYPT       JSR   ENCRYPT
(30DF) 1020  0001000000100000 ( 126)                 ADD   R0 R0 #0
(30E0) 0E00  0000111000000000 ( 127)                 BRNZP GOPRINT
(30E1) 4937  0100100100110111 ( 129) GOPRINT         JSR   PRINT
(30E2) 1020  0001000000100000 ( 130)                 ADD   R0 R0 #0
(30E3) 0F84  0000111110000100 ( 131)                 BRNZP MAINLOOP
(30E4) 48E2  0100100011100010 ( 134) GODECRYPT       JSR   DECRYPT
(30E5) 1020  0001000000100000 ( 135)                 ADD   R0 R0 #0
(30E6) 0E00  0000111000000000 ( 136)                 BRNZP GOPRINT1
(30E7) 4931  0100100100110001 ( 138) GOPRINT1        JSR   PRINT
(30E8) 1020  0001000000100000 ( 139)                 ADD   R0 R0 #0
(30E9) 0F7E  0000111101111110 ( 140)                 BRNZP MAINLOOP
(30EA) E04E  1110000001001110 ( 144) ENDPROGRAM      LEA   R0 GOODBYE
(30EB) F022  1111000000100010 ( 145)                 TRAP  x22
(30EC) F025  1111000000100101 ( 146)                 TRAP  x25
(30ED) 000A  0000000000001010 ( 148) CIPHERNUM       .FILL x000A
(30EE) 0057  0000000001010111 ( 148)                 .FILL x0057
(30EF) 0068  0000000001101000 ( 148)                 .FILL x0068
(30F0) 0061  0000000001100001 ( 148)                 .FILL x0061
(30F1) 0074  0000000001110100 ( 148)                 .FILL x0074
(30F2) 0020  0000000000100000 ( 148)                 .FILL x0020
(30F3) 0069  0000000001101001 ( 148)                 .FILL x0069
(30F4) 0073  0000000001110011 ( 148)                 .FILL x0073
(30F5) 0020  0000000000100000 ( 148)                 .FILL x0020
(30F6) 0074  0000000001110100 ( 148)                 .FILL x0074
(30F7) 0068  0000000001101000 ( 148)                 .FILL x0068
(30F8) 0065  0000000001100101 ( 148)                 .FILL x0065
(30F9) 0020  0000000000100000 ( 148)                 .FILL x0020
(30FA) 0063  0000000001100011 ( 148)                 .FILL x0063
(30FB) 0069  0000000001101001 ( 148)                 .FILL x0069
(30FC) 0070  0000000001110000 ( 148)                 .FILL x0070
(30FD) 0068  0000000001101000 ( 148)                 .FILL x0068
(30FE) 0065  0000000001100101 ( 148)                 .FILL x0065
(30FF) 0072  0000000001110010 ( 148)                 .FILL x0072
(3100) 0020  0000000000100000 ( 148)                 .FILL x0020
(3101) 0028  0000000000101000 ( 148)                 .FILL x0028
(3102) 0031  0000000000110001 ( 148)                 .FILL x0031
(3103) 002D  0000000000101101 ( 148)                 .FILL x002D
(3104) 0032  0000000000110010 ( 148)                 .FILL x0032
(3105) 0035  0000000000110101 ( 148)                 .FILL x0035
(3106) 0029  0000000000101001 ( 148)                 .FILL x0029
(3107) 003F  0000000000111111 ( 148)                 .FILL x003F
(3108) 000A  0000000000001010 ( 148)                 .FILL x000A
(3109) 0000  0000000000000000 ( 148)                 .FILL x0000
(310A) 000A  0000000000001010 ( 149) REPLY           .FILL x000A
(310B) 0048  0000000001001000 ( 149)                 .FILL x0048
(310C) 0065  0000000001100101 ( 149)                 .FILL x0065
(310D) 0072  0000000001110010 ( 149)                 .FILL x0072
(310E) 0065  0000000001100101 ( 149)                 .FILL x0065
(310F) 0020  0000000000100000 ( 149)                 .FILL x0020
(3110) 0069  0000000001101001 ( 149)                 .FILL x0069
(3111) 0073  0000000001110011 ( 149)                 .FILL x0073
(3112) 0020  0000000000100000 ( 149)                 .FILL x0020
(3113) 0079  0000000001111001 ( 149)                 .FILL x0079
(3114) 006F  0000000001101111 ( 149)                 .FILL x006F
(3115) 0075  0000000001110101 ( 149)                 .FILL x0075
(3116) 0072  0000000001110010 ( 149)                 .FILL x0072
(3117) 0020  0000000000100000 ( 149)                 .FILL x0020
(3118) 0073  0000000001110011 ( 149)                 .FILL x0073
(3119) 0074  0000000001110100 ( 149)                 .FILL x0074
(311A) 0072  0000000001110010 ( 149)                 .FILL x0072
(311B) 0069  0000000001101001 ( 149)                 .FILL x0069
(311C) 006E  0000000001101110 ( 149)                 .FILL x006E
(311D) 0067  0000000001100111 ( 149)                 .FILL x0067
(311E) 0020  0000000000100000 ( 149)                 .FILL x0020
(311F) 0061  0000000001100001 ( 149)                 .FILL x0061
(3120) 006E  0000000001101110 ( 149)                 .FILL x006E
(3121) 0064  0000000001100100 ( 149)                 .FILL x0064
(3122) 0020  0000000000100000 ( 149)                 .FILL x0020
(3123) 0074  0000000001110100 ( 149)                 .FILL x0074
(3124) 0068  0000000001101000 ( 149)                 .FILL x0068
(3125) 0065  0000000001100101 ( 149)                 .FILL x0065
(3126) 0020  0000000000100000 ( 149)                 .FILL x0020
(3127) 0064  0000000001100100 ( 149)                 .FILL x0064
(3128) 0065  0000000001100101 ( 149)                 .FILL x0065
(3129) 0063  0000000001100011 ( 149)                 .FILL x0063
(312A) 0072  0000000001110010 ( 149)                 .FILL x0072
(312B) 0079  0000000001111001 ( 149)                 .FILL x0079
(312C) 0070  0000000001110000 ( 149)                 .FILL x0070
(312D) 0074  0000000001110100 ( 149)                 .FILL x0074
(312E) 0065  0000000001100101 ( 149)                 .FILL x0065
(312F) 0064  0000000001100100 ( 149)                 .FILL x0064
(3130) 0020  0000000000100000 ( 149)                 .FILL x0020
(3131) 0072  0000000001110010 ( 149)                 .FILL x0072
(3132) 0065  0000000001100101 ( 149)                 .FILL x0065
(3133) 0073  0000000001110011 ( 149)                 .FILL x0073
(3134) 0075  0000000001110101 ( 149)                 .FILL x0075
(3135) 006C  0000000001101100 ( 149)                 .FILL x006C
(3136) 0074  0000000001110100 ( 149)                 .FILL x0074
(3137) 000A  0000000000001010 ( 149)                 .FILL x000A
(3138) 0000  0000000000000000 ( 149)                 .FILL x0000
(3139) 000A  0000000000001010 ( 150) GOODBYE         .FILL x000A
(313A) 0047  0000000001000111 ( 150)                 .FILL x0047
(313B) 006F  0000000001101111 ( 150)                 .FILL x006F
(313C) 006F  0000000001101111 ( 150)                 .FILL x006F
(313D) 0064  0000000001100100 ( 150)                 .FILL x0064
(313E) 0062  0000000001100010 ( 150)                 .FILL x0062
(313F) 0079  0000000001111001 ( 150)                 .FILL x0079
(3140) 0065  0000000001100101 ( 150)                 .FILL x0065
(3141) 0021  0000000000100001 ( 150)                 .FILL x0021
(3142) 0021  0000000000100001 ( 150)                 .FILL x0021
(3143) 000A  0000000000001010 ( 150)                 .FILL x000A
(3144) 0000  0000000000000000 ( 150)                 .FILL x0000
(3145) FFBB  1111111110111011 ( 152) E               .FILL xFFBB
(3146) FFBC  1111111110111100 ( 153) D               .FILL xFFBC
(3147) FFA8  1111111110101000 ( 154) X               .FILL xFFA8
(3148) 00C8  0000000011001000 ( 155) P200            .FILL x00C8
(3149) FFBF  1111111110111111 ( 156) BIGA            .FILL xFFBF
(314A) FFA6  1111111110100110 ( 157) BIGZ            .FILL xFFA6
(314B) FF9F  1111111110011111 ( 158) SMALLA          .FILL xFF9F
(314C) FF86  1111111110000110 ( 159) SMALLZ          .FILL xFF86
(314D) FFE6  1111111111100110 ( 160) TWSIX           .FILL xFFE6
(314E) FE70  1111111001110000 ( 161) FOURHUN         .FILL xFE70
(314F) 0000  0000000000000000 ( 164) CNUMBER         .FILL x0000
(3150) 0000  0000000000000000 ( 165) EFLAG           .FILL x0000
(3151) 0000  0000000000000000 ( 166) DFLAG           .FILL x0000
(3152) 0000  0000000000000000 ( 167) SAVE            .FILL x0000
(3153) 0000  0000000000000000 ( 168) CHAR            .FILL x0000
(3154) 0000  0000000000000000 ( 169) CI              .FILL x0000
(3155) 0000  0000000000000000 ( 172) RI              .FILL x0000
(3156) 54A0  0101010010100000 ( 173) STORE           AND   R2 R2 #0
(3157) 56E0  0101011011100000 ( 174)                 AND   R3 R3 #0
(3158) 5920  0101100100100000 ( 175)                 AND   R4 R4 #0
(3159) 5B60  0101101101100000 ( 176)                 AND   R5 R5 #0
(315A) 27F9  0010011111111001 ( 178)                 LD    R3 CI
(315B) 25F9  0010010111111001 ( 179)                 LD    R2 RI
(315C) 0201  0000001000000001 ( 180)                 BRP   DOADD
(315D) 0C01  0000110000000001 ( 181)                 BRNZ  SKIPADD
(315E) 29E9  0010100111101001 ( 182) DOADD           LD    R4 P200
(315F) 16C4  0001011011000100 ( 183) SKIPADD         ADD   R3 R3 R4
(3160) EAF9  1110101011111001 ( 184)                 LEA   R5 ARRAY
(3161) 1B43  0001101101000011 ( 185)                 ADD   R5 R5 R3
(3162) 29F0  0010100111110000 ( 186)                 LD    R4 CHAR
(3163) 7940  0111100101000000 ( 187)                 STR   R4 R5 #0
(3164) 5920  0101100100100000 ( 188)                 AND   R4 R4 #0
(3165) C1C0  1100000111000000 ( 189)                 RET   
(3166) 54A0  0101010010100000 ( 193) LOAD            AND   R2 R2 #0
(3167) 56E0  0101011011100000 ( 194)                 AND   R3 R3 #0
(3168) 5920  0101100100100000 ( 195)                 AND   R4 R4 #0
(3169) 5B60  0101101101100000 ( 196)                 AND   R5 R5 #0
(316A) 27E9  0010011111101001 ( 198)                 LD    R3 CI
(316B) 25E9  0010010111101001 ( 199)                 LD    R2 RI
(316C) 0201  0000001000000001 ( 200)                 BRP   DOADD1
(316D) 0E01  0000111000000001 ( 201)                 BRNZP SKIPADD1
(316E) 29D9  0010100111011001 ( 203) DOADD1          LD    R4 P200
(316F) 16C4  0001011011000100 ( 205) SKIPADD1        ADD   R3 R3 R4
(3170) EAE9  1110101011101001 ( 206)                 LEA   R5 ARRAY
(3171) 1B43  0001101101000011 ( 207)                 ADD   R5 R5 R3
(3172) 6B40  0110101101000000 ( 208)                 LDR   R5 R5 #0
(3173) 3A52  0011101001010010 ( 209)                 ST    R5 RETCHAR
(3174) C1C0  1100000111000000 ( 210)                 RET   
(3175) E2E4  1110001011100100 ( 214) RESETARRAY      LEA   R1 ARRAY
(3176) 25D7  0010010111010111 ( 215)                 LD    R2 FOURHUN
(3177) 56E0  0101011011100000 ( 216)                 AND   R3 R3 #0
(3178) 7640  0111011001000000 ( 218) RESETLOOP       STR   R3 R1 #0
(3179) 1261  0001001001100001 ( 219)                 ADD   R1 R1 #1
(317A) 14A1  0001010010100001 ( 220)                 ADD   R2 R2 #1
(317B) 09FC  0000100111111100 ( 221)                 BRN   RESETLOOP
(317C) C1C0  1100000111000000 ( 222)                 RET   
(317D) 3FD4  0011111111010100 ( 226) ENCRYPT         ST    R7 SAVE
(317E) 5260  0101001001100000 ( 227)                 AND   R1 R1 #0
(317F) 54A0  0101010010100000 ( 228)                 AND   R2 R2 #0
(3180) 56E0  0101011011100000 ( 229)                 AND   R3 R3 #0
(3181) 5920  0101100100100000 ( 230)                 AND   R4 R4 #0
(3182) 5B60  0101101101100000 ( 231)                 AND   R5 R5 #0
(3183) 5DA0  0101110110100000 ( 232)                 AND   R6 R6 #0
(3184) E2D5  1110001011010101 ( 234)                 LEA   R1 ARRAY
(3185) 283F  0010100000111111 ( 238) ENCRYPTLOOP     LD    R4 NUMOFCHARS
(3186) 993F  1001100100111111 ( 239)                 NOT   R4 R4
(3187) 1921  0001100100100001 ( 240)                 ADD   R4 R4 #1
(3188) 1906  0001100100000110 ( 241)                 ADD   R4 R4 R6
(3189) 0439  0000010000111001 ( 242)                 BRZ   DONE
(318A) 25BE  0010010110111110 ( 245)                 LD    R2 BIGA
(318B) 27BE  0010011110111110 ( 246)                 LD    R3 BIGZ
(318C) 5920  0101100100100000 ( 247)                 AND   R4 R4 #0
(318D) 5B60  0101101101100000 ( 248)                 AND   R5 R5 #0
(318E) 6840  0110100001000000 ( 249)                 LDR   R4 R1 #0
(318F) 1B02  0001101100000010 ( 250)                 ADD   R5 R4 R2
(3190) 0828  0000100000101000 ( 251)                 BRN   SKIP
(3191) 1B03  0001101100000011 ( 252)                 ADD   R5 R4 R3
(3192) 0C07  0000110000000111 ( 253)                 BRNZ  BIGENCRYPT
(3193) 25B7  0010010110110111 ( 254)                 LD    R2 SMALLA
(3194) 27B7  0010011110110111 ( 255)                 LD    R3 SMALLZ
(3195) 1B02  0001101100000010 ( 256)                 ADD   R5 R4 R2
(3196) 0822  0000100000100010 ( 257)                 BRN   SKIP
(3197) 1B03  0001101100000011 ( 258)                 ADD   R5 R4 R3
(3198) 0C15  0000110000010101 ( 259)                 BRNZ  SMALLENCRYPT
(3199) 021F  0000001000011111 ( 260)                 BRP   SKIP
(319A) 25AF  0010010110101111 ( 263) BIGENCRYPT      LD    R2 BIGZ
(319B) 27B3  0010011110110011 ( 264)                 LD    R3 CNUMBER
(319C) 1B03  0001101100000011 ( 265)                 ADD   R5 R4 R3
(319D) 1F42  0001111101000010 ( 266)                 ADD   R7 R5 R2
(319E) 0201  0000001000000001 ( 267)                 BRP   OVERLOAD
(319F) 0C03  0000110000000011 ( 268)                 BRNZ  CONTINUE
(31A0) 25AC  0010010110101100 ( 270) OVERLOAD        LD    R2 TWSIX
(31A1) 1B42  0001101101000010 ( 271)                 ADD   R5 R5 R2
(31A2) 0E02  0000111000000010 ( 272)                 BRNZP GOTOSTORE
(31A3) 1B60  0001101101100000 ( 274) CONTINUE        ADD   R5 R5 #0
(31A4) 0E00  0000111000000000 ( 275)                 BRNZP GOTOSTORE
(31A5) 5920  0101100100100000 ( 278) GOTOSTORE       AND   R4 R4 #0
(31A6) 1921  0001100100100001 ( 279)                 ADD   R4 R4 #1
(31A7) 39AD  0011100110101101 ( 280)                 ST    R4 RI
(31A8) 3DAB  0011110110101011 ( 281)                 ST    R6 CI
(31A9) 3BA9  0011101110101001 ( 282)                 ST    R5 CHAR
(31AA) 1DA1  0001110110100001 ( 283)                 ADD   R6 R6 #1
(31AB) 4FAA  0100111110101010 ( 284)                 JSR   STORE
(31AC) 1261  0001001001100001 ( 285)                 ADD   R1 R1 #1
(31AD) 0FD7  0000111111010111 ( 286)                 BRNZP ENCRYPTLOOP
(31AE) 259D  0010010110011101 ( 289) SMALLENCRYPT    LD    R2 SMALLZ
(31AF) 279F  0010011110011111 ( 290)                 LD    R3 CNUMBER
(31B0) 1B03  0001101100000011 ( 291)                 ADD   R5 R4 R3
(31B1) 1F42  0001111101000010 ( 292)                 ADD   R7 R5 R2
(31B2) 0201  0000001000000001 ( 293)                 BRP   OVERLOAD1
(31B3) 0C03  0000110000000011 ( 294)                 BRNZ  CONTINUE1
(31B4) 2598  0010010110011000 ( 296) OVERLOAD1       LD    R2 TWSIX
(31B5) 1B42  0001101101000010 ( 297)                 ADD   R5 R5 R2
(31B6) 0FEE  0000111111101110 ( 298)                 BRNZP GOTOSTORE
(31B7) 1B60  0001101101100000 ( 300) CONTINUE1       ADD   R5 R5 #0
(31B8) 0FEC  0000111111101100 ( 301)                 BRNZP GOTOSTORE
(31B9) 3D9A  0011110110011010 ( 306) SKIP            ST    R6 CI
(31BA) 1DA1  0001110110100001 ( 307)                 ADD   R6 R6 #1
(31BB) 5B60  0101101101100000 ( 308)                 AND   R5 R5 #0
(31BC) 1B61  0001101101100001 ( 309)                 ADD   R5 R5 #1
(31BD) 3B97  0011101110010111 ( 310)                 ST    R5 RI
(31BE) 6840  0110100001000000 ( 311)                 LDR   R4 R1 #0
(31BF) 3993  0011100110010011 ( 312)                 ST    R4 CHAR
(31C0) 4F95  0100111110010101 ( 313)                 JSR   STORE
(31C1) 1261  0001001001100001 ( 314)                 ADD   R1 R1 #1
(31C2) 0FC2  0000111111000010 ( 315)                 BRNZP ENCRYPTLOOP
(31C3) 2F8E  0010111110001110 ( 318) DONE            LD    R7 SAVE
(31C4) C1C0  1100000111000000 ( 319)                 RET   
(31C5) 0000  0000000000000000 ( 322) NUMOFCHARS      .FILL x0000
(31C6) 0000  0000000000000000 ( 325) RETCHAR         .FILL x0000
(31C7) 3F8A  0011111110001010 ( 326) DECRYPT         ST    R7 SAVE
(31C8) 5260  0101001001100000 ( 327)                 AND   R1 R1 #0
(31C9) 54A0  0101010010100000 ( 328)                 AND   R2 R2 #0
(31CA) 56E0  0101011011100000 ( 329)                 AND   R3 R3 #0
(31CB) 5920  0101100100100000 ( 330)                 AND   R4 R4 #0
(31CC) 5B60  0101101101100000 ( 331)                 AND   R5 R5 #0
(31CD) 5DA0  0101110110100000 ( 332)                 AND   R6 R6 #0
(31CE) E28B  1110001010001011 ( 334)                 LEA   R1 ARRAY
(31CF) 29F5  0010100111110101 ( 338) DECRYPTLOOP     LD    R4 NUMOFCHARS
(31D0) 993F  1001100100111111 ( 339)                 NOT   R4 R4
(31D1) 1921  0001100100100001 ( 340)                 ADD   R4 R4 #1
(31D2) 1906  0001100100000110 ( 341)                 ADD   R4 R4 R6
(31D3) 0443  0000010001000011 ( 342)                 BRZ   DONE1
(31D4) 2574  0010010101110100 ( 344)                 LD    R2 BIGA
(31D5) 2774  0010011101110100 ( 345)                 LD    R3 BIGZ
(31D6) 5920  0101100100100000 ( 346)                 AND   R4 R4 #0
(31D7) 5B60  0101101101100000 ( 347)                 AND   R5 R5 #0
(31D8) 6840  0110100001000000 ( 348)                 LDR   R4 R1 #0
(31D9) 1B02  0001101100000010 ( 349)                 ADD   R5 R4 R2
(31DA) 0830  0000100000110000 ( 350)                 BRN   SKIP1
(31DB) 1B03  0001101100000011 ( 351)                 ADD   R5 R4 R3
(31DC) 0C07  0000110000000111 ( 352)                 BRNZ  BIGDECRYPT
(31DD) 256D  0010010101101101 ( 353)                 LD    R2 SMALLA
(31DE) 276D  0010011101101101 ( 354)                 LD    R3 SMALLZ
(31DF) 1B02  0001101100000010 ( 355)                 ADD   R5 R4 R2
(31E0) 082A  0000100000101010 ( 356)                 BRN   SKIP1
(31E1) 1B03  0001101100000011 ( 357)                 ADD   R5 R4 R3
(31E2) 0C19  0000110000011001 ( 358)                 BRNZ  SMALLDECRYPT
(31E3) 0227  0000001000100111 ( 359)                 BRP   SKIP1
(31E4) 2564  0010010101100100 ( 362) BIGDECRYPT      LD    R2 BIGA
(31E5) 2769  0010011101101001 ( 363)                 LD    R3 CNUMBER
(31E6) 96FF  1001011011111111 ( 364)                 NOT   R3 R3
(31E7) 16E1  0001011011100001 ( 365)                 ADD   R3 R3 #1
(31E8) 1B03  0001101100000011 ( 366)                 ADD   R5 R4 R3
(31E9) 1F42  0001111101000010 ( 367)                 ADD   R7 R5 R2
(31EA) 0801  0000100000000001 ( 368)                 BRN   OVERLOAD2
(31EB) 0605  0000011000000101 ( 369)                 BRZP  CONTINUE2
(31EC) 2560  0010010101100000 ( 371) OVERLOAD2       LD    R2 TWSIX
(31ED) 94BF  1001010010111111 ( 372)                 NOT   R2 R2
(31EE) 14A1  0001010010100001 ( 373)                 ADD   R2 R2 #1
(31EF) 1B42  0001101101000010 ( 374)                 ADD   R5 R5 R2
(31F0) 0E02  0000111000000010 ( 375)                 BRNZP GOTOSTORE2
(31F1) 1B60  0001101101100000 ( 377) CONTINUE2       ADD   R5 R5 #0
(31F2) 0E00  0000111000000000 ( 378)                 BRNZP GOTOSTORE2
(31F3) 5920  0101100100100000 ( 381) GOTOSTORE2      AND   R4 R4 #0
(31F4) 1921  0001100100100001 ( 382)                 ADD   R4 R4 #1
(31F5) 395F  0011100101011111 ( 383)                 ST    R4 RI
(31F6) 3D5D  0011110101011101 ( 384)                 ST    R6 CI
(31F7) 3B5B  0011101101011011 ( 385)                 ST    R5 CHAR
(31F8) 1DA1  0001110110100001 ( 386)                 ADD   R6 R6 #1
(31F9) 4F5C  0100111101011100 ( 387)                 JSR   STORE
(31FA) 1261  0001001001100001 ( 388)                 ADD   R1 R1 #1
(31FB) 0FD3  0000111111010011 ( 389)                 BRNZP DECRYPTLOOP
(31FC) 254E  0010010101001110 ( 392) SMALLDECRYPT    LD    R2 SMALLA
(31FD) 2751  0010011101010001 ( 393)                 LD    R3 CNUMBER
(31FE) 96FF  1001011011111111 ( 394)                 NOT   R3 R3
(31FF) 16E1  0001011011100001 ( 395)                 ADD   R3 R3 #1
(3200) 1B03  0001101100000011 ( 396)                 ADD   R5 R4 R3
(3201) 1F42  0001111101000010 ( 397)                 ADD   R7 R5 R2
(3202) 0801  0000100000000001 ( 398)                 BRN   OVERLOAD3
(3203) 0605  0000011000000101 ( 399)                 BRZP  CONTINUE3
(3204) 2548  0010010101001000 ( 401) OVERLOAD3       LD    R2 TWSIX
(3205) 94BF  1001010010111111 ( 402)                 NOT   R2 R2
(3206) 14A1  0001010010100001 ( 403)                 ADD   R2 R2 #1
(3207) 1B42  0001101101000010 ( 404)                 ADD   R5 R5 R2
(3208) 0FEA  0000111111101010 ( 405)                 BRNZP GOTOSTORE2
(3209) 1B60  0001101101100000 ( 407) CONTINUE3       ADD   R5 R5 #0
(320A) 0FE8  0000111111101000 ( 408)                 BRNZP GOTOSTORE2
(320B) 3D48  0011110101001000 ( 411) SKIP1           ST    R6 CI
(320C) 1DA1  0001110110100001 ( 412)                 ADD   R6 R6 #1
(320D) 5B60  0101101101100000 ( 413)                 AND   R5 R5 #0
(320E) 1B61  0001101101100001 ( 414)                 ADD   R5 R5 #1
(320F) 3B45  0011101101000101 ( 415)                 ST    R5 RI
(3210) 6840  0110100001000000 ( 416)                 LDR   R4 R1 #0
(3211) 3941  0011100101000001 ( 417)                 ST    R4 CHAR
(3212) 4F43  0100111101000011 ( 418)                 JSR   STORE
(3213) 1261  0001001001100001 ( 419)                 ADD   R1 R1 #1
(3214) 0FBA  0000111110111010 ( 420)                 BRNZP DECRYPTLOOP
(3215) 0401  0000010000000001 ( 422)                 BRZ   DONE1
(3216) 0FB8  0000111110111000 ( 423)                 BRNZP DECRYPTLOOP
(3217) 2F3A  0010111100111010 ( 426) DONE1           LD    R7 SAVE
(3218) C1C0  1100000111000000 ( 427)                 RET   
(3219) 3F38  0011111100111000 ( 431) PRINT           ST    R7 SAVE
(321A) 5DA0  0101110110100000 ( 432)                 AND   R6 R6 #0
(321B) E134  1110000100110100 ( 434)                 LEA   R0 EFLAG
(321C) 6000  0110000000000000 ( 435)                 LDR   R0 R0 #0
(321D) 3137  0011000100110111 ( 437)                 ST    R0 RI
(321E) E024  1110000000100100 ( 438)                 LEA   R0 ENCRYPTMESSAGE
(321F) F022  1111000000100010 ( 439)                 TRAP  x22
(3220) 2BA4  0010101110100100 ( 441) PRINTR1         LD    R5 NUMOFCHARS
(3221) 9B7F  1001101101111111 ( 442)                 NOT   R5 R5
(3222) 1B61  0001101101100001 ( 443)                 ADD   R5 R5 #1
(3223) 1B46  0001101101000110 ( 444)                 ADD   R5 R5 R6
(3224) 0406  0000010000000110 ( 445)                 BRZ   PRINTR0
(3225) 3D2E  0011110100101110 ( 446)                 ST    R6 CI
(3226) 4F3F  0100111100111111 ( 447)                 JSR   LOAD
(3227) 219E  0010000110011110 ( 448)                 LD    R0 RETCHAR
(3228) F021  1111000000100001 ( 449)                 TRAP  x21
(3229) 1DA1  0001110110100001 ( 450)                 ADD   R6 R6 #1
(322A) 0FF5  0000111111110101 ( 451)                 BRNZP PRINTR1
(322B) E022  1110000000100010 ( 453) PRINTR0         LEA   R0 DECRYPTMESSAGE
(322C) F022  1111000000100010 ( 454)                 TRAP  x22
(322D) E122  1110000100100010 ( 455)                 LEA   R0 EFLAG
(322E) 6000  0110000000000000 ( 456)                 LDR   R0 R0 #0
(322F) 0401  0000010000000001 ( 457)                 BRZ   ADD1
(3230) 0E02  0000111000000010 ( 458)                 BRNZP MINUS1
(3231) 1021  0001000000100001 ( 460) ADD1            ADD   R0 R0 #1
(3232) 0E01  0000111000000001 ( 461)                 BRNZP DOODLY
(3233) 103F  0001000000111111 ( 463) MINUS1          ADD   R0 R0 #-1
(3234) 3120  0011000100100000 ( 465) DOODLY          ST    R0 RI
(3235) 5DA0  0101110110100000 ( 466)                 AND   R6 R6 #0
(3236) 2B8E  0010101110001110 ( 468) SOMELOOP        LD    R5 NUMOFCHARS
(3237) 9B7F  1001101101111111 ( 469)                 NOT   R5 R5
(3238) 1B61  0001101101100001 ( 470)                 ADD   R5 R5 #1
(3239) 1B46  0001101101000110 ( 471)                 ADD   R5 R5 R6
(323A) 0406  0000010000000110 ( 472)                 BRZ   PRINTDONE
(323B) 3D18  0011110100011000 ( 473)                 ST    R6 CI
(323C) 4F29  0100111100101001 ( 474)                 JSR   LOAD
(323D) 2188  0010000110001000 ( 475)                 LD    R0 RETCHAR
(323E) F021  1111000000100001 ( 476)                 TRAP  x21
(323F) 1DA1  0001110110100001 ( 477)                 ADD   R6 R6 #1
(3240) 0FF5  0000111111110101 ( 478)                 BRNZP SOMELOOP
(3241) 2F10  0010111100010000 ( 481) PRINTDONE       LD    R7 SAVE
(3242) C1C0  1100000111000000 ( 482)                 RET   
(3243) 003C  0000000000111100 ( 484) ENCRYPTMESSAGE  .FILL x003C
(3244) 0045  0000000001000101 ( 484)                 .FILL x0045
(3245) 004E  0000000001001110 ( 484)                 .FILL x004E
(3246) 0043  0000000001000011 ( 484)                 .FILL x0043
(3247) 0052  0000000001010010 ( 484)                 .FILL x0052
(3248) 0059  0000000001011001 ( 484)                 .FILL x0059
(3249) 0050  0000000001010000 ( 484)                 .FILL x0050
(324A) 0054  0000000001010100 ( 484)                 .FILL x0054
(324B) 003E  0000000000111110 ( 484)                 .FILL x003E
(324C) 0020  0000000000100000 ( 484)                 .FILL x0020
(324D) 0000  0000000000000000 ( 484)                 .FILL x0000
(324E) 000A  0000000000001010 ( 485) DECRYPTMESSAGE  .FILL x000A
(324F) 003C  0000000000111100 ( 485)                 .FILL x003C
(3250) 0044  0000000001000100 ( 485)                 .FILL x0044
(3251) 0045  0000000001000101 ( 485)                 .FILL x0045
(3252) 0043  0000000001000011 ( 485)                 .FILL x0043
(3253) 0052  0000000001010010 ( 485)                 .FILL x0052
(3254) 0059  0000000001011001 ( 485)                 .FILL x0059
(3255) 0050  0000000001010000 ( 485)                 .FILL x0050
(3256) 0054  0000000001010100 ( 485)                 .FILL x0054
(3257) 003E  0000000000111110 ( 485)                 .FILL x003E
(3258) 0020  0000000000100000 ( 485)                 .FILL x0020
(3259) 0000  0000000000000000 ( 485)                 .FILL x0000
(325A) 0000  0000000000000000 ( 487) ARRAY           .FILL x0000
(325B) 0000  0000000000000000 ( 487)                 .FILL x0000
(325C) 0000  0000000000000000 ( 487)                 .FILL x0000
(325D) 0000  0000000000000000 ( 487)                 .FILL x0000
(325E) 0000  0000000000000000 ( 487)                 .FILL x0000
(325F) 0000  0000000000000000 ( 487)                 .FILL x0000
(3260) 0000  0000000000000000 ( 487)                 .FILL x0000
(3261) 0000  0000000000000000 ( 487)                 .FILL x0000
(3262) 0000  0000000000000000 ( 487)                 .FILL x0000
(3263) 0000  0000000000000000 ( 487)                 .FILL x0000
(3264) 0000  0000000000000000 ( 487)                 .FILL x0000
(3265) 0000  0000000000000000 ( 487)                 .FILL x0000
(3266) 0000  0000000000000000 ( 487)                 .FILL x0000
(3267) 0000  0000000000000000 ( 487)                 .FILL x0000
(3268) 0000  0000000000000000 ( 487)                 .FILL x0000
(3269) 0000  0000000000000000 ( 487)                 .FILL x0000
(326A) 0000  0000000000000000 ( 487)                 .FILL x0000
(326B) 0000  0000000000000000 ( 487)                 .FILL x0000
(326C) 0000  0000000000000000 ( 487)                 .FILL x0000
(326D) 0000  0000000000000000 ( 487)                 .FILL x0000
(326E) 0000  0000000000000000 ( 487)                 .FILL x0000
(326F) 0000  0000000000000000 ( 487)                 .FILL x0000
(3270) 0000  0000000000000000 ( 487)                 .FILL x0000
(3271) 0000  0000000000000000 ( 487)                 .FILL x0000
(3272) 0000  0000000000000000 ( 487)                 .FILL x0000
(3273) 0000  0000000000000000 ( 487)                 .FILL x0000
(3274) 0000  0000000000000000 ( 487)                 .FILL x0000
(3275) 0000  0000000000000000 ( 487)                 .FILL x0000
(3276) 0000  0000000000000000 ( 487)                 .FILL x0000
(3277) 0000  0000000000000000 ( 487)                 .FILL x0000
(3278) 0000  0000000000000000 ( 487)                 .FILL x0000
(3279) 0000  0000000000000000 ( 487)                 .FILL x0000
(327A) 0000  0000000000000000 ( 487)                 .FILL x0000
(327B) 0000  0000000000000000 ( 487)                 .FILL x0000
(327C) 0000  0000000000000000 ( 487)                 .FILL x0000
(327D) 0000  0000000000000000 ( 487)                 .FILL x0000
(327E) 0000  0000000000000000 ( 487)                 .FILL x0000
(327F) 0000  0000000000000000 ( 487)                 .FILL x0000
(3280) 0000  0000000000000000 ( 487)                 .FILL x0000
(3281) 0000  0000000000000000 ( 487)                 .FILL x0000
(3282) 0000  0000000000000000 ( 487)                 .FILL x0000
(3283) 0000  0000000000000000 ( 487)                 .FILL x0000
(3284) 0000  0000000000000000 ( 487)                 .FILL x0000
(3285) 0000  0000000000000000 ( 487)                 .FILL x0000
(3286) 0000  0000000000000000 ( 487)                 .FILL x0000
(3287) 0000  0000000000000000 ( 487)                 .FILL x0000
(3288) 0000  0000000000000000 ( 487)                 .FILL x0000
(3289) 0000  0000000000000000 ( 487)                 .FILL x0000
(328A) 0000  0000000000000000 ( 487)                 .FILL x0000
(328B) 0000  0000000000000000 ( 487)                 .FILL x0000
(328C) 0000  0000000000000000 ( 487)                 .FILL x0000
(328D) 0000  0000000000000000 ( 487)                 .FILL x0000
(328E) 0000  0000000000000000 ( 487)                 .FILL x0000
(328F) 0000  0000000000000000 ( 487)                 .FILL x0000
(3290) 0000  0000000000000000 ( 487)                 .FILL x0000
(3291) 0000  0000000000000000 ( 487)                 .FILL x0000
(3292) 0000  0000000000000000 ( 487)                 .FILL x0000
(3293) 0000  0000000000000000 ( 487)                 .FILL x0000
(3294) 0000  0000000000000000 ( 487)                 .FILL x0000
(3295) 0000  0000000000000000 ( 487)                 .FILL x0000
(3296) 0000  0000000000000000 ( 487)                 .FILL x0000
(3297) 0000  0000000000000000 ( 487)                 .FILL x0000
(3298) 0000  0000000000000000 ( 487)                 .FILL x0000
(3299) 0000  0000000000000000 ( 487)                 .FILL x0000
(329A) 0000  0000000000000000 ( 487)                 .FILL x0000
(329B) 0000  0000000000000000 ( 487)                 .FILL x0000
(329C) 0000  0000000000000000 ( 487)                 .FILL x0000
(329D) 0000  0000000000000000 ( 487)                 .FILL x0000
(329E) 0000  0000000000000000 ( 487)                 .FILL x0000
(329F) 0000  0000000000000000 ( 487)                 .FILL x0000
(32A0) 0000  0000000000000000 ( 487)                 .FILL x0000
(32A1) 0000  0000000000000000 ( 487)                 .FILL x0000
(32A2) 0000  0000000000000000 ( 487)                 .FILL x0000
(32A3) 0000  0000000000000000 ( 487)                 .FILL x0000
(32A4) 0000  0000000000000000 ( 487)                 .FILL x0000
(32A5) 0000  0000000000000000 ( 487)                 .FILL x0000
(32A6) 0000  0000000000000000 ( 487)                 .FILL x0000
(32A7) 0000  0000000000000000 ( 487)                 .FILL x0000
(32A8) 0000  0000000000000000 ( 487)                 .FILL x0000
(32A9) 0000  0000000000000000 ( 487)                 .FILL x0000
(32AA) 0000  0000000000000000 ( 487)                 .FILL x0000
(32AB) 0000  0000000000000000 ( 487)                 .FILL x0000
(32AC) 0000  0000000000000000 ( 487)                 .FILL x0000
(32AD) 0000  0000000000000000 ( 487)                 .FILL x0000
(32AE) 0000  0000000000000000 ( 487)                 .FILL x0000
(32AF) 0000  0000000000000000 ( 487)                 .FILL x0000
(32B0) 0000  0000000000000000 ( 487)                 .FILL x0000
(32B1) 0000  0000000000000000 ( 487)                 .FILL x0000
(32B2) 0000  0000000000000000 ( 487)                 .FILL x0000
(32B3) 0000  0000000000000000 ( 487)                 .FILL x0000
(32B4) 0000  0000000000000000 ( 487)                 .FILL x0000
(32B5) 0000  0000000000000000 ( 487)                 .FILL x0000
(32B6) 0000  0000000000000000 ( 487)                 .FILL x0000
(32B7) 0000  0000000000000000 ( 487)                 .FILL x0000
(32B8) 0000  0000000000000000 ( 487)                 .FILL x0000
(32B9) 0000  0000000000000000 ( 487)                 .FILL x0000
(32BA) 0000  0000000000000000 ( 487)                 .FILL x0000
(32BB) 0000  0000000000000000 ( 487)                 .FILL x0000
(32BC) 0000  0000000000000000 ( 487)                 .FILL x0000
(32BD) 0000  0000000000000000 ( 487)                 .FILL x0000
(32BE) 0000  0000000000000000 ( 487)                 .FILL x0000
(32BF) 0000  0000000000000000 ( 487)                 .FILL x0000
(32C0) 0000  0000000000000000 ( 487)                 .FILL x0000
(32C1) 0000  0000000000000000 ( 487)                 .FILL x0000
(32C2) 0000  0000000000000000 ( 487)                 .FILL x0000
(32C3) 0000  0000000000000000 ( 487)                 .FILL x0000
(32C4) 0000  0000000000000000 ( 487)                 .FILL x0000
(32C5) 0000  0000000000000000 ( 487)                 .FILL x0000
(32C6) 0000  0000000000000000 ( 487)                 .FILL x0000
(32C7) 0000  0000000000000000 ( 487)                 .FILL x0000
(32C8) 0000  0000000000000000 ( 487)                 .FILL x0000
(32C9) 0000  0000000000000000 ( 487)                 .FILL x0000
(32CA) 0000  0000000000000000 ( 487)                 .FILL x0000
(32CB) 0000  0000000000000000 ( 487)                 .FILL x0000
(32CC) 0000  0000000000000000 ( 487)                 .FILL x0000
(32CD) 0000  0000000000000000 ( 487)                 .FILL x0000
(32CE) 0000  0000000000000000 ( 487)                 .FILL x0000
(32CF) 0000  0000000000000000 ( 487)                 .FILL x0000
(32D0) 0000  0000000000000000 ( 487)                 .FILL x0000
(32D1) 0000  0000000000000000 ( 487)                 .FILL x0000
(32D2) 0000  0000000000000000 ( 487)                 .FILL x0000
(32D3) 0000  0000000000000000 ( 487)                 .FILL x0000
(32D4) 0000  0000000000000000 ( 487)                 .FILL x0000
(32D5) 0000  0000000000000000 ( 487)                 .FILL x0000
(32D6) 0000  0000000000000000 ( 487)                 .FILL x0000
(32D7) 0000  0000000000000000 ( 487)                 .FILL x0000
(32D8) 0000  0000000000000000 ( 487)                 .FILL x0000
(32D9) 0000  0000000000000000 ( 487)                 .FILL x0000
(32DA) 0000  0000000000000000 ( 487)                 .FILL x0000
(32DB) 0000  0000000000000000 ( 487)                 .FILL x0000
(32DC) 0000  0000000000000000 ( 487)                 .FILL x0000
(32DD) 0000  0000000000000000 ( 487)                 .FILL x0000
(32DE) 0000  0000000000000000 ( 487)                 .FILL x0000
(32DF) 0000  0000000000000000 ( 487)                 .FILL x0000
(32E0) 0000  0000000000000000 ( 487)                 .FILL x0000
(32E1) 0000  0000000000000000 ( 487)                 .FILL x0000
(32E2) 0000  0000000000000000 ( 487)                 .FILL x0000
(32E3) 0000  0000000000000000 ( 487)                 .FILL x0000
(32E4) 0000  0000000000000000 ( 487)                 .FILL x0000
(32E5) 0000  0000000000000000 ( 487)                 .FILL x0000
(32E6) 0000  0000000000000000 ( 487)                 .FILL x0000
(32E7) 0000  0000000000000000 ( 487)                 .FILL x0000
(32E8) 0000  0000000000000000 ( 487)                 .FILL x0000
(32E9) 0000  0000000000000000 ( 487)                 .FILL x0000
(32EA) 0000  0000000000000000 ( 487)                 .FILL x0000
(32EB) 0000  0000000000000000 ( 487)                 .FILL x0000
(32EC) 0000  0000000000000000 ( 487)                 .FILL x0000
(32ED) 0000  0000000000000000 ( 487)                 .FILL x0000
(32EE) 0000  0000000000000000 ( 487)                 .FILL x0000
(32EF) 0000  0000000000000000 ( 487)                 .FILL x0000
(32F0) 0000  0000000000000000 ( 487)                 .FILL x0000
(32F1) 0000  0000000000000000 ( 487)                 .FILL x0000
(32F2) 0000  0000000000000000 ( 487)                 .FILL x0000
(32F3) 0000  0000000000000000 ( 487)                 .FILL x0000
(32F4) 0000  0000000000000000 ( 487)                 .FILL x0000
(32F5) 0000  0000000000000000 ( 487)                 .FILL x0000
(32F6) 0000  0000000000000000 ( 487)                 .FILL x0000
(32F7) 0000  0000000000000000 ( 487)                 .FILL x0000
(32F8) 0000  0000000000000000 ( 487)                 .FILL x0000
(32F9) 0000  0000000000000000 ( 487)                 .FILL x0000
(32FA) 0000  0000000000000000 ( 487)                 .FILL x0000
(32FB) 0000  0000000000000000 ( 487)                 .FILL x0000
(32FC) 0000  0000000000000000 ( 487)                 .FILL x0000
(32FD) 0000  0000000000000000 ( 487)                 .FILL x0000
(32FE) 0000  0000000000000000 ( 487)                 .FILL x0000
(32FF) 0000  0000000000000000 ( 487)                 .FILL x0000
(3300) 0000  0000000000000000 ( 487)                 .FILL x0000
(3301) 0000  0000000000000000 ( 487)                 .FILL x0000
(3302) 0000  0000000000000000 ( 487)                 .FILL x0000
(3303) 0000  0000000000000000 ( 487)                 .FILL x0000
(3304) 0000  0000000000000000 ( 487)                 .FILL x0000
(3305) 0000  0000000000000000 ( 487)                 .FILL x0000
(3306) 0000  0000000000000000 ( 487)                 .FILL x0000
(3307) 0000  0000000000000000 ( 487)                 .FILL x0000
(3308) 0000  0000000000000000 ( 487)                 .FILL x0000
(3309) 0000  0000000000000000 ( 487)                 .FILL x0000
(330A) 0000  0000000000000000 ( 487)                 .FILL x0000
(330B) 0000  0000000000000000 ( 487)                 .FILL x0000
(330C) 0000  0000000000000000 ( 487)                 .FILL x0000
(330D) 0000  0000000000000000 ( 487)                 .FILL x0000
(330E) 0000  0000000000000000 ( 487)                 .FILL x0000
(330F) 0000  0000000000000000 ( 487)                 .FILL x0000
(3310) 0000  0000000000000000 ( 487)                 .FILL x0000
(3311) 0000  0000000000000000 ( 487)                 .FILL x0000
(3312) 0000  0000000000000000 ( 487)                 .FILL x0000
(3313) 0000  0000000000000000 ( 487)                 .FILL x0000
(3314) 0000  0000000000000000 ( 487)                 .FILL x0000
(3315) 0000  0000000000000000 ( 487)                 .FILL x0000
(3316) 0000  0000000000000000 ( 487)                 .FILL x0000
(3317) 0000  0000000000000000 ( 487)                 .FILL x0000
(3318) 0000  0000000000000000 ( 487)                 .FILL x0000
(3319) 0000  0000000000000000 ( 487)                 .FILL x0000
(331A) 0000  0000000000000000 ( 487)                 .FILL x0000
(331B) 0000  0000000000000000 ( 487)                 .FILL x0000
(331C) 0000  0000000000000000 ( 487)                 .FILL x0000
(331D) 0000  0000000000000000 ( 487)                 .FILL x0000
(331E) 0000  0000000000000000 ( 487)                 .FILL x0000
(331F) 0000  0000000000000000 ( 487)                 .FILL x0000
(3320) 0000  0000000000000000 ( 487)                 .FILL x0000
(3321) 0000  0000000000000000 ( 487)                 .FILL x0000
(3322) 0000  0000000000000000 ( 487)                 .FILL x0000
(3323) 0000  0000000000000000 ( 487)                 .FILL x0000
(3324) 0000  0000000000000000 ( 487)                 .FILL x0000
(3325) 0000  0000000000000000 ( 487)                 .FILL x0000
(3326) 0000  0000000000000000 ( 487)                 .FILL x0000
(3327) 0000  0000000000000000 ( 487)                 .FILL x0000
(3328) 0000  0000000000000000 ( 487)                 .FILL x0000
(3329) 0000  0000000000000000 ( 487)                 .FILL x0000
(332A) 0000  0000000000000000 ( 487)                 .FILL x0000
(332B) 0000  0000000000000000 ( 487)                 .FILL x0000
(332C) 0000  0000000000000000 ( 487)                 .FILL x0000
(332D) 0000  0000000000000000 ( 487)                 .FILL x0000
(332E) 0000  0000000000000000 ( 487)                 .FILL x0000
(332F) 0000  0000000000000000 ( 487)                 .FILL x0000
(3330) 0000  0000000000000000 ( 487)                 .FILL x0000
(3331) 0000  0000000000000000 ( 487)                 .FILL x0000
(3332) 0000  0000000000000000 ( 487)                 .FILL x0000
(3333) 0000  0000000000000000 ( 487)                 .FILL x0000
(3334) 0000  0000000000000000 ( 487)                 .FILL x0000
(3335) 0000  0000000000000000 ( 487)                 .FILL x0000
(3336) 0000  0000000000000000 ( 487)                 .FILL x0000
(3337) 0000  0000000000000000 ( 487)                 .FILL x0000
(3338) 0000  0000000000000000 ( 487)                 .FILL x0000
(3339) 0000  0000000000000000 ( 487)                 .FILL x0000
(333A) 0000  0000000000000000 ( 487)                 .FILL x0000
(333B) 0000  0000000000000000 ( 487)                 .FILL x0000
(333C) 0000  0000000000000000 ( 487)                 .FILL x0000
(333D) 0000  0000000000000000 ( 487)                 .FILL x0000
(333E) 0000  0000000000000000 ( 487)                 .FILL x0000
(333F) 0000  0000000000000000 ( 487)                 .FILL x0000
(3340) 0000  0000000000000000 ( 487)                 .FILL x0000
(3341) 0000  0000000000000000 ( 487)                 .FILL x0000
(3342) 0000  0000000000000000 ( 487)                 .FILL x0000
(3343) 0000  0000000000000000 ( 487)                 .FILL x0000
(3344) 0000  0000000000000000 ( 487)                 .FILL x0000
(3345) 0000  0000000000000000 ( 487)                 .FILL x0000
(3346) 0000  0000000000000000 ( 487)                 .FILL x0000
(3347) 0000  0000000000000000 ( 487)                 .FILL x0000
(3348) 0000  0000000000000000 ( 487)                 .FILL x0000
(3349) 0000  0000000000000000 ( 487)                 .FILL x0000
(334A) 0000  0000000000000000 ( 487)                 .FILL x0000
(334B) 0000  0000000000000000 ( 487)                 .FILL x0000
(334C) 0000  0000000000000000 ( 487)                 .FILL x0000
(334D) 0000  0000000000000000 ( 487)                 .FILL x0000
(334E) 0000  0000000000000000 ( 487)                 .FILL x0000
(334F) 0000  0000000000000000 ( 487)                 .FILL x0000
(3350) 0000  0000000000000000 ( 487)                 .FILL x0000
(3351) 0000  0000000000000000 ( 487)                 .FILL x0000
(3352) 0000  0000000000000000 ( 487)                 .FILL x0000
(3353) 0000  0000000000000000 ( 487)                 .FILL x0000
(3354) 0000  0000000000000000 ( 487)                 .FILL x0000
(3355) 0000  0000000000000000 ( 487)                 .FILL x0000
(3356) 0000  0000000000000000 ( 487)                 .FILL x0000
(3357) 0000  0000000000000000 ( 487)                 .FILL x0000
(3358) 0000  0000000000000000 ( 487)                 .FILL x0000
(3359) 0000  0000000000000000 ( 487)                 .FILL x0000
(335A) 0000  0000000000000000 ( 487)                 .FILL x0000
(335B) 0000  0000000000000000 ( 487)                 .FILL x0000
(335C) 0000  0000000000000000 ( 487)                 .FILL x0000
(335D) 0000  0000000000000000 ( 487)                 .FILL x0000
(335E) 0000  0000000000000000 ( 487)                 .FILL x0000
(335F) 0000  0000000000000000 ( 487)                 .FILL x0000
(3360) 0000  0000000000000000 ( 487)                 .FILL x0000
(3361) 0000  0000000000000000 ( 487)                 .FILL x0000
(3362) 0000  0000000000000000 ( 487)                 .FILL x0000
(3363) 0000  0000000000000000 ( 487)                 .FILL x0000
(3364) 0000  0000000000000000 ( 487)                 .FILL x0000
(3365) 0000  0000000000000000 ( 487)                 .FILL x0000
(3366) 0000  0000000000000000 ( 487)                 .FILL x0000
(3367) 0000  0000000000000000 ( 487)                 .FILL x0000
(3368) 0000  0000000000000000 ( 487)                 .FILL x0000
(3369) 0000  0000000000000000 ( 487)                 .FILL x0000
(336A) 0000  0000000000000000 ( 487)                 .FILL x0000
(336B) 0000  0000000000000000 ( 487)                 .FILL x0000
(336C) 0000  0000000000000000 ( 487)                 .FILL x0000
(336D) 0000  0000000000000000 ( 487)                 .FILL x0000
(336E) 0000  0000000000000000 ( 487)                 .FILL x0000
(336F) 0000  0000000000000000 ( 487)                 .FILL x0000
(3370) 0000  0000000000000000 ( 487)                 .FILL x0000
(3371) 0000  0000000000000000 ( 487)                 .FILL x0000
(3372) 0000  0000000000000000 ( 487)                 .FILL x0000
(3373) 0000  0000000000000000 ( 487)                 .FILL x0000
(3374) 0000  0000000000000000 ( 487)                 .FILL x0000
(3375) 0000  0000000000000000 ( 487)                 .FILL x0000
(3376) 0000  0000000000000000 ( 487)                 .FILL x0000
(3377) 0000  0000000000000000 ( 487)                 .FILL x0000
(3378) 0000  0000000000000000 ( 487)                 .FILL x0000
(3379) 0000  0000000000000000 ( 487)                 .FILL x0000
(337A) 0000  0000000000000000 ( 487)                 .FILL x0000
(337B) 0000  0000000000000000 ( 487)                 .FILL x0000
(337C) 0000  0000000000000000 ( 487)                 .FILL x0000
(337D) 0000  0000000000000000 ( 487)                 .FILL x0000
(337E) 0000  0000000000000000 ( 487)                 .FILL x0000
(337F) 0000  0000000000000000 ( 487)                 .FILL x0000
(3380) 0000  0000000000000000 ( 487)                 .FILL x0000
(3381) 0000  0000000000000000 ( 487)                 .FILL x0000
(3382) 0000  0000000000000000 ( 487)                 .FILL x0000
(3383) 0000  0000000000000000 ( 487)                 .FILL x0000
(3384) 0000  0000000000000000 ( 487)                 .FILL x0000
(3385) 0000  0000000000000000 ( 487)                 .FILL x0000
(3386) 0000  0000000000000000 ( 487)                 .FILL x0000
(3387) 0000  0000000000000000 ( 487)                 .FILL x0000
(3388) 0000  0000000000000000 ( 487)                 .FILL x0000
(3389) 0000  0000000000000000 ( 487)                 .FILL x0000
(338A) 0000  0000000000000000 ( 487)                 .FILL x0000
(338B) 0000  0000000000000000 ( 487)                 .FILL x0000
(338C) 0000  0000000000000000 ( 487)                 .FILL x0000
(338D) 0000  0000000000000000 ( 487)                 .FILL x0000
(338E) 0000  0000000000000000 ( 487)                 .FILL x0000
(338F) 0000  0000000000000000 ( 487)                 .FILL x0000
(3390) 0000  0000000000000000 ( 487)                 .FILL x0000
(3391) 0000  0000000000000000 ( 487)                 .FILL x0000
(3392) 0000  0000000000000000 ( 487)                 .FILL x0000
(3393) 0000  0000000000000000 ( 487)                 .FILL x0000
(3394) 0000  0000000000000000 ( 487)                 .FILL x0000
(3395) 0000  0000000000000000 ( 487)                 .FILL x0000
(3396) 0000  0000000000000000 ( 487)                 .FILL x0000
(3397) 0000  0000000000000000 ( 487)                 .FILL x0000
(3398) 0000  0000000000000000 ( 487)                 .FILL x0000
(3399) 0000  0000000000000000 ( 487)                 .FILL x0000
(339A) 0000  0000000000000000 ( 487)                 .FILL x0000
(339B) 0000  0000000000000000 ( 487)                 .FILL x0000
(339C) 0000  0000000000000000 ( 487)                 .FILL x0000
(339D) 0000  0000000000000000 ( 487)                 .FILL x0000
(339E) 0000  0000000000000000 ( 487)                 .FILL x0000
(339F) 0000  0000000000000000 ( 487)                 .FILL x0000
(33A0) 0000  0000000000000000 ( 487)                 .FILL x0000
(33A1) 0000  0000000000000000 ( 487)                 .FILL x0000
(33A2) 0000  0000000000000000 ( 487)                 .FILL x0000
(33A3) 0000  0000000000000000 ( 487)                 .FILL x0000
(33A4) 0000  0000000000000000 ( 487)                 .FILL x0000
(33A5) 0000  0000000000000000 ( 487)                 .FILL x0000
(33A6) 0000  0000000000000000 ( 487)                 .FILL x0000
(33A7) 0000  0000000000000000 ( 487)                 .FILL x0000
(33A8) 0000  0000000000000000 ( 487)                 .FILL x0000
(33A9) 0000  0000000000000000 ( 487)                 .FILL x0000
(33AA) 0000  0000000000000000 ( 487)                 .FILL x0000
(33AB) 0000  0000000000000000 ( 487)                 .FILL x0000
(33AC) 0000  0000000000000000 ( 487)                 .FILL x0000
(33AD) 0000  0000000000000000 ( 487)                 .FILL x0000
(33AE) 0000  0000000000000000 ( 487)                 .FILL x0000
(33AF) 0000  0000000000000000 ( 487)                 .FILL x0000
(33B0) 0000  0000000000000000 ( 487)                 .FILL x0000
(33B1) 0000  0000000000000000 ( 487)                 .FILL x0000
(33B2) 0000  0000000000000000 ( 487)                 .FILL x0000
(33B3) 0000  0000000000000000 ( 487)                 .FILL x0000
(33B4) 0000  0000000000000000 ( 487)                 .FILL x0000
(33B5) 0000  0000000000000000 ( 487)                 .FILL x0000
(33B6) 0000  0000000000000000 ( 487)                 .FILL x0000
(33B7) 0000  0000000000000000 ( 487)                 .FILL x0000
(33B8) 0000  0000000000000000 ( 487)                 .FILL x0000
(33B9) 0000  0000000000000000 ( 487)                 .FILL x0000
(33BA) 0000  0000000000000000 ( 487)                 .FILL x0000
(33BB) 0000  0000000000000000 ( 487)                 .FILL x0000
(33BC) 0000  0000000000000000 ( 487)                 .FILL x0000
(33BD) 0000  0000000000000000 ( 487)                 .FILL x0000
(33BE) 0000  0000000000000000 ( 487)                 .FILL x0000
(33BF) 0000  0000000000000000 ( 487)                 .FILL x0000
(33C0) 0000  0000000000000000 ( 487)                 .FILL x0000
(33C1) 0000  0000000000000000 ( 487)                 .FILL x0000
(33C2) 0000  0000000000000000 ( 487)                 .FILL x0000
(33C3) 0000  0000000000000000 ( 487)                 .FILL x0000
(33C4) 0000  0000000000000000 ( 487)                 .FILL x0000
(33C5) 0000  0000000000000000 ( 487)                 .FILL x0000
(33C6) 0000  0000000000000000 ( 487)                 .FILL x0000
(33C7) 0000  0000000000000000 ( 487)                 .FILL x0000
(33C8) 0000  0000000000000000 ( 487)                 .FILL x0000
(33C9) 0000  0000000000000000 ( 487)                 .FILL x0000
(33CA) 0000  0000000000000000 ( 487)                 .FILL x0000
(33CB) 0000  0000000000000000 ( 487)                 .FILL x0000
(33CC) 0000  0000000000000000 ( 487)                 .FILL x0000
(33CD) 0000  0000000000000000 ( 487)                 .FILL x0000
(33CE) 0000  0000000000000000 ( 487)                 .FILL x0000
(33CF) 0000  0000000000000000 ( 487)                 .FILL x0000
(33D0) 0000  0000000000000000 ( 487)                 .FILL x0000
(33D1) 0000  0000000000000000 ( 487)                 .FILL x0000
(33D2) 0000  0000000000000000 ( 487)                 .FILL x0000
(33D3) 0000  0000000000000000 ( 487)                 .FILL x0000
(33D4) 0000  0000000000000000 ( 487)                 .FILL x0000
(33D5) 0000  0000000000000000 ( 487)                 .FILL x0000
(33D6) 0000  0000000000000000 ( 487)                 .FILL x0000
(33D7) 0000  0000000000000000 ( 487)                 .FILL x0000
(33D8) 0000  0000000000000000 ( 487)                 .FILL x0000
(33D9) 0000  0000000000000000 ( 487)                 .FILL x0000
(33DA) 0000  0000000000000000 ( 487)                 .FILL x0000
(33DB) 0000  0000000000000000 ( 487)                 .FILL x0000
(33DC) 0000  0000000000000000 ( 487)                 .FILL x0000
(33DD) 0000  0000000000000000 ( 487)                 .FILL x0000
(33DE) 0000  0000000000000000 ( 487)                 .FILL x0000
(33DF) 0000  0000000000000000 ( 487)                 .FILL x0000
(33E0) 0000  0000000000000000 ( 487)                 .FILL x0000
(33E1) 0000  0000000000000000 ( 487)                 .FILL x0000
(33E2) 0000  0000000000000000 ( 487)                 .FILL x0000
(33E3) 0000  0000000000000000 ( 487)                 .FILL x0000
(33E4) 0000  0000000000000000 ( 487)                 .FILL x0000
(33E5) 0000  0000000000000000 ( 487)                 .FILL x0000
(33E6) 0000  0000000000000000 ( 487)                 .FILL x0000
(33E7) 0000  0000000000000000 ( 487)                 .FILL x0000
(33E8) 0000  0000000000000000 ( 487)                 .FILL x0000
(33E9) 0000  0000000000000000 ( 487)                 .FILL x0000
