(0000) 0BB8  0000101110111000 (   1)                 .ORIG x0BB8
(0BB8) E055  1110000001010101 (   3)                 LEA   R0 WELCOME
(0BB9) F022  1111000000100010 (   4)                 TRAP  x22
(0BBA) E07C  1110000001111100 (   6) MAINLOOP        LEA   R0 ASK
(0BBB) F022  1111000000100010 (   7)                 TRAP  x22
(0BBC) 5020  0101000000100000 (   8)                 AND   R0 R0 #0
(0BBD) 5260  0101001001100000 (   9)                 AND   R1 R1 #0
(0BBE) 56E0  0101011011100000 (  10)                 AND   R3 R3 #0
(0BBF) 5920  0101100100100000 (  11)                 AND   R4 R4 #0
(0BC0) 5B60  0101101101100000 (  12)                 AND   R5 R5 #0
(0BC1) 5DA0  0101110110100000 (  13)                 AND   R6 R6 #0
(0BC2) 5FE0  0101111111100000 (  14)                 AND   R7 R7 #0
(0BC3) F020  1111000000100000 (  16) GRABR0          TRAP  x20
(0BC4) F021  1111000000100001 (  17)                 TRAP  x21
(0BC5) 56E0  0101011011100000 (  19)                 AND   R3 R3 #0
(0BC6) 5920  0101100100100000 (  20)                 AND   R4 R4 #0
(0BC7) 5DA0  0101110110100000 (  21)                 AND   R6 R6 #0
(0BC8) 56E0  0101011011100000 (  24)                 AND   R3 R3 #0
(0BC9) 16F0  0001011011110000 (  25)                 ADD   R3 R3 #-16
(0BCA) 16F0  0001011011110000 (  26)                 ADD   R3 R3 #-16
(0BCB) 16F0  0001011011110000 (  27)                 ADD   R3 R3 #-16
(0BCC) 16F0  0001011011110000 (  28)                 ADD   R3 R3 #-16
(0BCD) 16F0  0001011011110000 (  29)                 ADD   R3 R3 #-16
(0BCE) 16F8  0001011011111000 (  30)                 ADD   R3 R3 #-8
(0BCF) 16C0  0001011011000000 (  31)                 ADD   R3 R3 R0
(0BD0) 043C  0000010000111100 (  32)                 BRZ   ENDPROGRAM
(0BD1) 56E0  0101011011100000 (  35) CHECKLF         AND   R3 R3 #0
(0BD2) 1620  0001011000100000 (  36)                 ADD   R3 R0 #0
(0BD3) 1936  0001100100110110 (  37)                 ADD   R4 R4 #-10
(0BD4) 1703  0001011100000011 (  38)                 ADD   R3 R4 R3
(0BD5) 041C  0000010000011100 (  39)                 BRZ   STARTPROGRAM
(0BD6) 56E0  0101011011100000 (  42) CHECKNEG        AND   R3 R3 #0
(0BD7) 5920  0101100100100000 (  43)                 AND   R4 R4 #0
(0BD8) 1620  0001011000100000 (  44)                 ADD   R3 R0 #0
(0BD9) 1930  0001100100110000 (  45)                 ADD   R4 R4 #-16
(0BDA) 1930  0001100100110000 (  46)                 ADD   R4 R4 #-16
(0BDB) 1933  0001100100110011 (  47)                 ADD   R4 R4 #-13
(0BDC) 1903  0001100100000011 (  48)                 ADD   R4 R4 R3
(0BDD) 0411  0000010000010001 (  49)                 BRZ   CHANGEFLAG
(0BDE) 56E0  0101011011100000 (  52) TODIGIT         AND   R3 R3 #0
(0BDF) 5920  0101100100100000 (  53)                 AND   R4 R4 #0
(0BE0) 16C0  0001011011000000 (  54)                 ADD   R3 R3 R0
(0BE1) 16F0  0001011011110000 (  55)                 ADD   R3 R3 #-16
(0BE2) 16F0  0001011011110000 (  56)                 ADD   R3 R3 #-16
(0BE3) 16F0  0001011011110000 (  57)                 ADD   R3 R3 #-16
(0BE4) 1937  0001100100110111 (  58)                 ADD   R4 R4 #-9
(0BE5) 5DA0  0101110110100000 (  59)                 AND   R6 R6 #0
(0BE6) 1D85  0001110110000101 (  60)                 ADD   R6 R6 R5
(0BE7) 1B85  0001101110000101 (  61) MULTIPLY        ADD   R5 R6 R5
(0BE8) 1921  0001100100100001 (  62)                 ADD   R4 R4 #1
(0BE9) 09FD  0000100111111101 (  63)                 BRN   MULTIPLY
(0BEA) 1B43  0001101101000011 (  64)                 ADD   R5 R5 R3
(0BEB) 0FD7  0000111111010111 (  65)                 BRNZP GRABR0
(0BEC) 9B7F  1001101101111111 (  67) FLIP            NOT   R5 R5
(0BED) 1B61  0001101101100001 (  68)                 ADD   R5 R5 #1
(0BEE) 0E07  0000111000000111 (  69)                 BRNZP STARTPROGRAM1
(0BEF) 5260  0101001001100000 (  71) CHANGEFLAG      AND   R1 R1 #0
(0BF0) 1261  0001001001100001 (  72)                 ADD   R1 R1 #1
(0BF1) 0FD1  0000111111010001 (  73)                 BRNZP GRABR0
(0BF2) E044  1110000001000100 (  76) STARTPROGRAM    LEA   R0 ASK
(0BF3) F022  1111000000100010 (  77)                 TRAP  x22
(0BF4) 1260  0001001001100000 (  78)                 ADD   R1 R1 #0
(0BF5) 03F6  0000001111110110 (  79)                 BRP   FLIP
(0BF6) 5920  0101100100100000 (  80) STARTPROGRAM1   AND   R4 R4 #0
(0BF7) 56E0  0101011011100000 (  81)                 AND   R3 R3 #0
(0BF8) 5DA0  0101110110100000 (  82)                 AND   R6 R6 #0
(0BF9) E88C  1110100010001100 (  84) MASKLOOP        LEA   R4 MASK
(0BFA) 1903  0001100100000011 (  85)                 ADD   R4 R4 R3
(0BFB) 6900  0110100100000000 (  86)                 LDR   R4 R4 #0
(0BFC) 5DA0  0101110110100000 (  87)                 AND   R6 R6 #0
(0BFD) 5020  0101000000100000 (  88)                 AND   R0 R0 #0
(0BFE) 5D44  0101110101000100 (  89)                 AND   R6 R5 R4
(0BFF) 0405  0000010000000101 (  90)                 BRZ   PRINTZERO
(0C00) 0A08  0000101000001000 (  91)                 BRNP  PRINTONE
(0C01) 16E1  0001011011100001 (  93) CONTMASK        ADD   R3 R3 #1
(0C02) 1CF0  0001110011110000 (  94)                 ADD   R6 R3 #-16
(0C03) 09F5  0000100111110101 (  95)                 BRN   MASKLOOP
(0C04) 07B5  0000011110110101 (  96)                 BRZP  MAINLOOP
(0C05) 5020  0101000000100000 (  98) PRINTZERO       AND   R0 R0 #0
(0C06) E07D  1110000001111101 (  99)                 LEA   R0 ZERO
(0C07) F022  1111000000100010 ( 100)                 TRAP  x22
(0C08) 0FF8  0000111111111000 ( 101)                 BRNZP CONTMASK
(0C09) 5020  0101000000100000 ( 103) PRINTONE        AND   R0 R0 #0
(0C0A) E077  1110000001110111 ( 104)                 LEA   R0 ONE
(0C0B) F022  1111000000100010 ( 105)                 TRAP  x22
(0C0C) 0FF4  0000111111110100 ( 106)                 BRNZP CONTMASK
(0C0D) F025  1111000000100101 ( 108) ENDPROGRAM      TRAP  x25
(0C0E) 0057  0000000001010111 ( 109) WELCOME         .FILL x0057
(0C0F) 0065  0000000001100101 ( 109)                 .FILL x0065
(0C10) 006C  0000000001101100 ( 109)                 .FILL x006C
(0C11) 0063  0000000001100011 ( 109)                 .FILL x0063
(0C12) 006F  0000000001101111 ( 109)                 .FILL x006F
(0C13) 006D  0000000001101101 ( 109)                 .FILL x006D
(0C14) 0065  0000000001100101 ( 109)                 .FILL x0065
(0C15) 0020  0000000000100000 ( 109)                 .FILL x0020
(0C16) 0074  0000000001110100 ( 109)                 .FILL x0074
(0C17) 006F  0000000001101111 ( 109)                 .FILL x006F
(0C18) 0020  0000000000100000 ( 109)                 .FILL x0020
(0C19) 0074  0000000001110100 ( 109)                 .FILL x0074
(0C1A) 0068  0000000001101000 ( 109)                 .FILL x0068
(0C1B) 0065  0000000001100101 ( 109)                 .FILL x0065
(0C1C) 0020  0000000000100000 ( 109)                 .FILL x0020
(0C1D) 0044  0000000001000100 ( 109)                 .FILL x0044
(0C1E) 0065  0000000001100101 ( 109)                 .FILL x0065
(0C1F) 0063  0000000001100011 ( 109)                 .FILL x0063
(0C20) 0069  0000000001101001 ( 109)                 .FILL x0069
(0C21) 006D  0000000001101101 ( 109)                 .FILL x006D
(0C22) 0061  0000000001100001 ( 109)                 .FILL x0061
(0C23) 006C  0000000001101100 ( 109)                 .FILL x006C
(0C24) 002F  0000000000101111 ( 109)                 .FILL x002F
(0C25) 0042  0000000001000010 ( 109)                 .FILL x0042
(0C26) 0069  0000000001101001 ( 109)                 .FILL x0069
(0C27) 006E  0000000001101110 ( 109)                 .FILL x006E
(0C28) 0061  0000000001100001 ( 109)                 .FILL x0061
(0C29) 0072  0000000001110010 ( 109)                 .FILL x0072
(0C2A) 0079  0000000001111001 ( 109)                 .FILL x0079
(0C2B) 0020  0000000000100000 ( 109)                 .FILL x0020
(0C2C) 0063  0000000001100011 ( 109)                 .FILL x0063
(0C2D) 006F  0000000001101111 ( 109)                 .FILL x006F
(0C2E) 006E  0000000001101110 ( 109)                 .FILL x006E
(0C2F) 0076  0000000001110110 ( 109)                 .FILL x0076
(0C30) 0065  0000000001100101 ( 109)                 .FILL x0065
(0C31) 0072  0000000001110010 ( 109)                 .FILL x0072
(0C32) 0074  0000000001110100 ( 109)                 .FILL x0074
(0C33) 0065  0000000001100101 ( 109)                 .FILL x0065
(0C34) 0072  0000000001110010 ( 109)                 .FILL x0072
(0C35) 002E  0000000000101110 ( 109)                 .FILL x002E
(0C36) 0000  0000000000000000 ( 109)                 .FILL x0000
(0C37) 000A  0000000000001010 ( 110) ASK             .FILL x000A
(0C38) 0045  0000000001000101 ( 110)                 .FILL x0045
(0C39) 006E  0000000001101110 ( 110)                 .FILL x006E
(0C3A) 0074  0000000001110100 ( 110)                 .FILL x0074
(0C3B) 0065  0000000001100101 ( 110)                 .FILL x0065
(0C3C) 0072  0000000001110010 ( 110)                 .FILL x0072
(0C3D) 0020  0000000000100000 ( 110)                 .FILL x0020
(0C3E) 0061  0000000001100001 ( 110)                 .FILL x0061
(0C3F) 0020  0000000000100000 ( 110)                 .FILL x0020
(0C40) 0064  0000000001100100 ( 110)                 .FILL x0064
(0C41) 0065  0000000001100101 ( 110)                 .FILL x0065
(0C42) 0063  0000000001100011 ( 110)                 .FILL x0063
(0C43) 0069  0000000001101001 ( 110)                 .FILL x0069
(0C44) 006D  0000000001101101 ( 110)                 .FILL x006D
(0C45) 0061  0000000001100001 ( 110)                 .FILL x0061
(0C46) 006C  0000000001101100 ( 110)                 .FILL x006C
(0C47) 0020  0000000000100000 ( 110)                 .FILL x0020
(0C48) 006E  0000000001101110 ( 110)                 .FILL x006E
(0C49) 0075  0000000001110101 ( 110)                 .FILL x0075
(0C4A) 006D  0000000001101101 ( 110)                 .FILL x006D
(0C4B) 0062  0000000001100010 ( 110)                 .FILL x0062
(0C4C) 0065  0000000001100101 ( 110)                 .FILL x0065
(0C4D) 0072  0000000001110010 ( 110)                 .FILL x0072
(0C4E) 0020  0000000000100000 ( 110)                 .FILL x0020
(0C4F) 006F  0000000001101111 ( 110)                 .FILL x006F
(0C50) 0072  0000000001110010 ( 110)                 .FILL x0072
(0C51) 0020  0000000000100000 ( 110)                 .FILL x0020
(0C52) 0070  0000000001110000 ( 110)                 .FILL x0070
(0C53) 0072  0000000001110010 ( 110)                 .FILL x0072
(0C54) 0065  0000000001100101 ( 110)                 .FILL x0065
(0C55) 0073  0000000001110011 ( 110)                 .FILL x0073
(0C56) 0073  0000000001110011 ( 110)                 .FILL x0073
(0C57) 0020  0000000000100000 ( 110)                 .FILL x0020
(0C58) 0058  0000000001011000 ( 110)                 .FILL x0058
(0C59) 0020  0000000000100000 ( 110)                 .FILL x0020
(0C5A) 0074  0000000001110100 ( 110)                 .FILL x0074
(0C5B) 006F  0000000001101111 ( 110)                 .FILL x006F
(0C5C) 0020  0000000000100000 ( 110)                 .FILL x0020
(0C5D) 0071  0000000001110001 ( 110)                 .FILL x0071
(0C5E) 0075  0000000001110101 ( 110)                 .FILL x0075
(0C5F) 0069  0000000001101001 ( 110)                 .FILL x0069
(0C60) 0074  0000000001110100 ( 110)                 .FILL x0074
(0C61) 002E  0000000000101110 ( 110)                 .FILL x002E
(0C62) 000A  0000000000001010 ( 110)                 .FILL x000A
(0C63) 0000  0000000000000000 ( 110)                 .FILL x0000
(0C64) 0054  0000000001010100 ( 111) RESPONSE        .FILL x0054
(0C65) 0068  0000000001101000 ( 111)                 .FILL x0068
(0C66) 0061  0000000001100001 ( 111)                 .FILL x0061
(0C67) 006E  0000000001101110 ( 111)                 .FILL x006E
(0C68) 006B  0000000001101011 ( 111)                 .FILL x006B
(0C69) 0073  0000000001110011 ( 111)                 .FILL x0073
(0C6A) 002C  0000000000101100 ( 111)                 .FILL x002C
(0C6B) 0020  0000000000100000 ( 111)                 .FILL x0020
(0C6C) 0068  0000000001101000 ( 111)                 .FILL x0068
(0C6D) 0065  0000000001100101 ( 111)                 .FILL x0065
(0C6E) 0072  0000000001110010 ( 111)                 .FILL x0072
(0C6F) 0065  0000000001100101 ( 111)                 .FILL x0065
(0C70) 0020  0000000000100000 ( 111)                 .FILL x0020
(0C71) 0069  0000000001101001 ( 111)                 .FILL x0069
(0C72) 0074  0000000001110100 ( 111)                 .FILL x0074
(0C73) 0020  0000000000100000 ( 111)                 .FILL x0020
(0C74) 0069  0000000001101001 ( 111)                 .FILL x0069
(0C75) 0073  0000000001110011 ( 111)                 .FILL x0073
(0C76) 0020  0000000000100000 ( 111)                 .FILL x0020
(0C77) 0069  0000000001101001 ( 111)                 .FILL x0069
(0C78) 006E  0000000001101110 ( 111)                 .FILL x006E
(0C79) 0020  0000000000100000 ( 111)                 .FILL x0020
(0C7A) 0062  0000000001100010 ( 111)                 .FILL x0062
(0C7B) 0069  0000000001101001 ( 111)                 .FILL x0069
(0C7C) 006E  0000000001101110 ( 111)                 .FILL x006E
(0C7D) 0061  0000000001100001 ( 111)                 .FILL x0061
(0C7E) 0072  0000000001110010 ( 111)                 .FILL x0072
(0C7F) 0079  0000000001111001 ( 111)                 .FILL x0079
(0C80) 000A  0000000000001010 ( 111)                 .FILL x000A
(0C81) 0000  0000000000000000 ( 111)                 .FILL x0000
(0C82) 0031  0000000000110001 ( 112) ONE             .FILL x0031
(0C83) 0000  0000000000000000 ( 112)                 .FILL x0000
(0C84) 0030  0000000000110000 ( 113) ZERO            .FILL x0030
(0C85) 0000  0000000000000000 ( 113)                 .FILL x0000
(0C86) 8000  1000000000000000 ( 115) MASK            .FILL x8000
(0C87) 4000  0100000000000000 ( 116)                 .FILL x4000
(0C88) 2000  0010000000000000 ( 117)                 .FILL x2000
(0C89) 1000  0001000000000000 ( 118)                 .FILL x1000
(0C8A) 0800  0000100000000000 ( 119)                 .FILL x0800
(0C8B) 0400  0000010000000000 ( 120)                 .FILL x0400
(0C8C) 0200  0000001000000000 ( 121)                 .FILL x0200
(0C8D) 0100  0000000100000000 ( 122)                 .FILL x0100
(0C8E) 0080  0000000010000000 ( 123)                 .FILL x0080
(0C8F) 0040  0000000001000000 ( 124)                 .FILL x0040
(0C90) 0020  0000000000100000 ( 125)                 .FILL x0020
(0C91) 0010  0000000000010000 ( 126)                 .FILL x0010
(0C92) 0008  0000000000001000 ( 127)                 .FILL x0008
(0C93) 0004  0000000000000100 ( 128)                 .FILL x0004
(0C94) 0002  0000000000000010 ( 129)                 .FILL x0002
(0C95) 0001  0000000000000001 ( 130)                 .FILL x0001
